Determining if the pthread_create exist failed with the following output:
Change Dir: /home/administer/mosquitoes_project_ws/build/CMakeFiles/CMakeTmp

Run Build Command:"/usr/bin/make" "cmTC_f94ba/fast"
/usr/bin/make -f CMakeFiles/cmTC_f94ba.dir/build.make CMakeFiles/cmTC_f94ba.dir/build
make[1]: Entering directory '/home/administer/mosquitoes_project_ws/build/CMakeFiles/CMakeTmp'
Building C object CMakeFiles/cmTC_f94ba.dir/CheckSymbolExists.c.o
/usr/bin/cc     -o CMakeFiles/cmTC_f94ba.dir/CheckSymbolExists.c.o   -c /home/administer/mosquitoes_project_ws/build/CMakeFiles/CMakeTmp/CheckSymbolExists.c
Linking C executable cmTC_f94ba
/usr/bin/cmake -E cmake_link_script CMakeFiles/cmTC_f94ba.dir/link.txt --verbose=1
/usr/bin/cc       CMakeFiles/cmTC_f94ba.dir/CheckSymbolExists.c.o  -o cmTC_f94ba -rdynamic 
CMakeFiles/cmTC_f94ba.dir/CheckSymbolExists.c.o: In function `main':
CheckSymbolExists.c:(.text+0x16): undefined reference to `pthread_create'
collect2: error: ld returned 1 exit status
CMakeFiles/cmTC_f94ba.dir/build.make:97: recipe for target 'cmTC_f94ba' failed
make[1]: *** [cmTC_f94ba] Error 1
make[1]: Leaving directory '/home/administer/mosquitoes_project_ws/build/CMakeFiles/CMakeTmp'
Makefile:126: recipe for target 'cmTC_f94ba/fast' failed
make: *** [cmTC_f94ba/fast] Error 2

File /home/administer/mosquitoes_project_ws/build/CMakeFiles/CMakeTmp/CheckSymbolExists.c:
/* */
#include <pthread.h>

int main(int argc, char** argv)
{
  (void)argv;
#ifndef pthread_create
  return ((int*)(&pthread_create))[argc];
#else
  (void)argc;
  return 0;
#endif
}

Determining if the function pthread_create exists in the pthreads failed with the following output:
Change Dir: /home/administer/mosquitoes_project_ws/build/CMakeFiles/CMakeTmp

Run Build Command:"/usr/bin/make" "cmTC_d141b/fast"
/usr/bin/make -f CMakeFiles/cmTC_d141b.dir/build.make CMakeFiles/cmTC_d141b.dir/build
make[1]: Entering directory '/home/administer/mosquitoes_project_ws/build/CMakeFiles/CMakeTmp'
Building C object CMakeFiles/cmTC_d141b.dir/CheckFunctionExists.c.o
/usr/bin/cc    -DCHECK_FUNCTION_EXISTS=pthread_create   -o CMakeFiles/cmTC_d141b.dir/CheckFunctionExists.c.o   -c /usr/share/cmake-3.5/Modules/CheckFunctionExists.c
Linking C executable cmTC_d141b
/usr/bin/cmake -E cmake_link_script CMakeFiles/cmTC_d141b.dir/link.txt --verbose=1
/usr/bin/cc   -DCHECK_FUNCTION_EXISTS=pthread_create    CMakeFiles/cmTC_d141b.dir/CheckFunctionExists.c.o  -o cmTC_d141b -rdynamic -lpthreads 
/usr/bin/ld: cannot find -lpthreads
collect2: error: ld returned 1 exit status
CMakeFiles/cmTC_d141b.dir/build.make:97: recipe for target 'cmTC_d141b' failed
make[1]: *** [cmTC_d141b] Error 1
make[1]: Leaving directory '/home/administer/mosquitoes_project_ws/build/CMakeFiles/CMakeTmp'
Makefile:126: recipe for target 'cmTC_d141b/fast' failed
make: *** [cmTC_d141b/fast] Error 2


